2025-11-21 10:32:55,411 - DEBUG - Using WinForms / Chromium
2025-11-21 10:32:55,847 - DEBUG - Comon path for local URLs: c:\Users\Salum\OneDrive\files\personal_projects\focus-timer\frontend
2025-11-21 10:32:55,892 - DEBUG - HTTP server root path: c:\Users\Salum\OneDrive\files\personal_projects\focus-timer\frontend
2025-11-21 10:32:59,028 - DEBUG - before_load event fired. injecting pywebview object
2025-11-21 10:32:59,148 - DEBUG - Loading JS files from C:\Users\Salum\AppData\Local\Programs\Python\Python313\Lib\site-packages\webview\js
2025-11-21 10:33:00,338 - DEBUG - _pywebviewready event fired
2025-11-21 10:33:00,500 - DEBUG - loaded event fired
2025-11-21 10:35:40,587 - DEBUG - Using WinForms / Chromium
2025-11-21 10:35:40,946 - DEBUG - Comon path for local URLs: c:\Users\Salum\OneDrive\files\personal_projects\focus-timer\frontend
2025-11-21 10:35:40,993 - DEBUG - HTTP server root path: c:\Users\Salum\OneDrive\files\personal_projects\focus-timer\frontend
2025-11-21 10:35:44,427 - DEBUG - before_load event fired. injecting pywebview object
2025-11-21 10:35:44,534 - DEBUG - Loading JS files from C:\Users\Salum\AppData\Local\Programs\Python\Python313\Lib\site-packages\webview\js
2025-11-21 10:35:45,672 - DEBUG - _pywebviewready event fired
2025-11-21 10:35:45,875 - DEBUG - loaded event fired
2025-11-21 10:35:54,364 - ERROR - Some trouble with the icon (C:\Users\Salum\OneDrive\files\personal_projects\focus-timer\meu.ico): (2, 'LoadImage', 'O sistema năo pode encontrar o arquivo especificado.')
2025-11-21 10:35:54,392 - DEBUG - before_load event fired. injecting pywebview object
2025-11-21 10:35:54,395 - DEBUG - Loading JS files from C:\Users\Salum\AppData\Local\Programs\Python\Python313\Lib\site-packages\webview\js
2025-11-21 10:35:54,425 - ERROR - Exceçăo năo tratada
TypeError: WPARAM is simple, so must be an int object (got NoneType)
2025-11-21 10:35:54,439 - ERROR - Exceçăo năo tratada
TypeError: WPARAM is simple, so must be an int object (got NoneType)
2025-11-21 10:35:54,583 - DEBUG - _pywebviewready event fired
2025-11-21 10:35:54,607 - DEBUG - loaded event fired
2025-11-21 10:35:59,465 - ERROR - Exceçăo năo tratada
TypeError: WPARAM is simple, so must be an int object (got NoneType)
2025-11-21 10:35:59,479 - ERROR - Exceçăo năo tratada
TypeError: WPARAM is simple, so must be an int object (got NoneType)
2025-11-21 10:35:59,487 - ERROR - Exceçăo năo tratada
TypeError: WPARAM is simple, so must be an int object (got NoneType)
2025-11-21 10:36:12,577 - ERROR - Some trouble with the icon (C:\Users\Salum\OneDrive\files\personal_projects\focus-timer\meu.ico): (2, 'LoadImage', 'O sistema năo pode encontrar o arquivo especificado.')
2025-11-21 10:36:12,680 - ERROR - Exceçăo năo tratada
TypeError: WPARAM is simple, so must be an int object (got NoneType)
2025-11-21 10:36:12,713 - ERROR - Exceçăo năo tratada
TypeError: WPARAM is simple, so must be an int object (got NoneType)
2025-11-21 10:36:17,661 - ERROR - Exceçăo năo tratada
TypeError: WPARAM is simple, so must be an int object (got NoneType)
2025-11-21 10:36:17,691 - ERROR - Exceçăo năo tratada
TypeError: WPARAM is simple, so must be an int object (got NoneType)
2025-11-21 10:36:17,699 - ERROR - Exceçăo năo tratada
TypeError: WPARAM is simple, so must be an int object (got NoneType)
2025-11-21 10:36:36,967 - ERROR - Some trouble with the icon (C:\Users\Salum\OneDrive\files\personal_projects\focus-timer\meu.ico): (2, 'LoadImage', 'O sistema năo pode encontrar o arquivo especificado.')
2025-11-21 10:36:37,068 - ERROR - Exceçăo năo tratada
TypeError: WPARAM is simple, so must be an int object (got NoneType)
2025-11-21 10:36:37,077 - ERROR - Exceçăo năo tratada
TypeError: WPARAM is simple, so must be an int object (got NoneType)
2025-11-21 10:36:42,015 - ERROR - Exceçăo năo tratada
TypeError: WPARAM is simple, so must be an int object (got NoneType)
2025-11-21 10:36:42,033 - ERROR - Exceçăo năo tratada
TypeError: WPARAM is simple, so must be an int object (got NoneType)
2025-11-21 10:36:42,036 - ERROR - Exceçăo năo tratada
TypeError: WPARAM is simple, so must be an int object (got NoneType)
2025-11-21 10:37:08,062 - DEBUG - Using WinForms / Chromium
2025-11-21 10:37:08,469 - DEBUG - Comon path for local URLs: c:\Users\Salum\OneDrive\files\personal_projects\focus-timer\frontend
2025-11-21 10:37:08,593 - DEBUG - HTTP server root path: c:\Users\Salum\OneDrive\files\personal_projects\focus-timer\frontend
2025-11-21 10:37:11,657 - DEBUG - before_load event fired. injecting pywebview object
2025-11-21 10:37:11,733 - DEBUG - Loading JS files from C:\Users\Salum\AppData\Local\Programs\Python\Python313\Lib\site-packages\webview\js
2025-11-21 10:37:12,876 - DEBUG - _pywebviewready event fired
2025-11-21 10:37:12,921 - DEBUG - loaded event fired
2025-11-21 10:37:59,476 - ERROR - Some trouble with the icon (C:\Users\Salum\OneDrive\files\personal_projects\focus-timer\meu.ico): (2, 'LoadImage', 'O sistema năo pode encontrar o arquivo especificado.')
2025-11-21 10:37:59,537 - ERROR - Exceçăo năo tratada
TypeError: WPARAM is simple, so must be an int object (got NoneType)
2025-11-21 10:37:59,527 - DEBUG - before_load event fired. injecting pywebview object
2025-11-21 10:37:59,555 - ERROR - Exceçăo năo tratada
TypeError: WPARAM is simple, so must be an int object (got NoneType)
2025-11-21 10:37:59,568 - DEBUG - Loading JS files from C:\Users\Salum\AppData\Local\Programs\Python\Python313\Lib\site-packages\webview\js
2025-11-21 10:37:59,937 - DEBUG - _pywebviewready event fired
2025-11-21 10:37:59,986 - DEBUG - loaded event fired
2025-11-21 10:38:04,608 - ERROR - Exceçăo năo tratada
TypeError: WPARAM is simple, so must be an int object (got NoneType)
2025-11-21 10:38:04,624 - ERROR - Exceçăo năo tratada
TypeError: WPARAM is simple, so must be an int object (got NoneType)
2025-11-21 10:38:04,633 - ERROR - Exceçăo năo tratada
TypeError: WPARAM is simple, so must be an int object (got NoneType)
2025-11-21 10:38:25,208 - ERROR - Some trouble with the icon (C:\Users\Salum\OneDrive\files\personal_projects\focus-timer\meu.ico): (2, 'LoadImage', 'O sistema năo pode encontrar o arquivo especificado.')
2025-11-21 10:38:25,297 - ERROR - Exceçăo năo tratada
TypeError: WPARAM is simple, so must be an int object (got NoneType)
2025-11-21 10:38:25,323 - ERROR - Exceçăo năo tratada
TypeError: WPARAM is simple, so must be an int object (got NoneType)
2025-11-21 10:38:30,277 - ERROR - Exceçăo năo tratada
TypeError: WPARAM is simple, so must be an int object (got NoneType)
2025-11-21 10:38:30,309 - ERROR - Exceçăo năo tratada
TypeError: WPARAM is simple, so must be an int object (got NoneType)
2025-11-21 10:38:30,310 - ERROR - Exceçăo năo tratada
TypeError: WPARAM is simple, so must be an int object (got NoneType)
2025-11-21 10:39:49,851 - DEBUG - Using WinForms / Chromium
2025-11-21 10:39:50,252 - DEBUG - Comon path for local URLs: c:\Users\Salum\OneDrive\files\personal_projects\focus-timer\frontend
2025-11-21 10:39:50,313 - DEBUG - HTTP server root path: c:\Users\Salum\OneDrive\files\personal_projects\focus-timer\frontend
2025-11-21 10:39:53,779 - DEBUG - before_load event fired. injecting pywebview object
2025-11-21 10:39:53,946 - DEBUG - Loading JS files from C:\Users\Salum\AppData\Local\Programs\Python\Python313\Lib\site-packages\webview\js
2025-11-21 10:39:54,760 - DEBUG - _pywebviewready event fired
2025-11-21 10:39:54,960 - DEBUG - loaded event fired
2025-11-21 10:40:02,048 - ERROR - Some trouble with the icon (C:\Users\Salum\OneDrive\files\personal_projects\focus-timer\meu.ico): (2, 'LoadImage', 'O sistema năo pode encontrar o arquivo especificado.')
2025-11-21 10:40:02,125 - ERROR - Exceçăo năo tratada
TypeError: WPARAM is simple, so must be an int object (got NoneType)
2025-11-21 10:40:02,134 - DEBUG - before_load event fired. injecting pywebview object
2025-11-21 10:40:02,136 - ERROR - Exceçăo năo tratada
TypeError: WPARAM is simple, so must be an int object (got NoneType)
2025-11-21 10:40:02,137 - DEBUG - Loading JS files from C:\Users\Salum\AppData\Local\Programs\Python\Python313\Lib\site-packages\webview\js
2025-11-21 10:40:02,606 - DEBUG - _pywebviewready event fired
2025-11-21 10:40:02,643 - DEBUG - loaded event fired
2025-11-21 10:40:07,134 - ERROR - Exceçăo năo tratada
TypeError: WPARAM is simple, so must be an int object (got NoneType)
2025-11-21 10:40:07,157 - ERROR - Exceçăo năo tratada
TypeError: WPARAM is simple, so must be an int object (got NoneType)
2025-11-21 10:40:07,162 - ERROR - Exceçăo năo tratada
TypeError: WPARAM is simple, so must be an int object (got NoneType)
2025-11-21 10:40:13,015 - ERROR - Some trouble with the icon (C:\Users\Salum\OneDrive\files\personal_projects\focus-timer\meu.ico): (2, 'LoadImage', 'O sistema năo pode encontrar o arquivo especificado.')
2025-11-21 10:40:13,075 - ERROR - Exceçăo năo tratada
TypeError: WPARAM is simple, so must be an int object (got NoneType)
2025-11-21 10:40:13,088 - ERROR - Exceçăo năo tratada
TypeError: WPARAM is simple, so must be an int object (got NoneType)
2025-11-21 10:40:18,084 - ERROR - Exceçăo năo tratada
TypeError: WPARAM is simple, so must be an int object (got NoneType)
2025-11-21 10:40:18,100 - ERROR - Exceçăo năo tratada
TypeError: WPARAM is simple, so must be an int object (got NoneType)
2025-11-21 10:40:18,109 - ERROR - Exceçăo năo tratada
TypeError: WPARAM is simple, so must be an int object (got NoneType)
2025-11-21 10:40:21,725 - ERROR - Some trouble with the icon (C:\Users\Salum\OneDrive\files\personal_projects\focus-timer\meu.ico): (2, 'LoadImage', 'O sistema năo pode encontrar o arquivo especificado.')
2025-11-21 10:40:21,813 - ERROR - Exceçăo năo tratada
TypeError: WPARAM is simple, so must be an int object (got NoneType)
2025-11-21 10:40:21,838 - ERROR - Exceçăo năo tratada
TypeError: WPARAM is simple, so must be an int object (got NoneType)
2025-11-21 10:40:26,853 - ERROR - Exceçăo năo tratada
TypeError: WPARAM is simple, so must be an int object (got NoneType)
2025-11-21 10:40:26,868 - ERROR - Exceçăo năo tratada
TypeError: WPARAM is simple, so must be an int object (got NoneType)
2025-11-21 10:40:26,875 - ERROR - Exceçăo năo tratada
TypeError: WPARAM is simple, so must be an int object (got NoneType)
2025-11-21 10:40:31,767 - ERROR - Some trouble with the icon (C:\Users\Salum\OneDrive\files\personal_projects\focus-timer\meu.ico): (2, 'LoadImage', 'O sistema năo pode encontrar o arquivo especificado.')
2025-11-21 10:40:31,832 - ERROR - Exceçăo năo tratada
TypeError: WPARAM is simple, so must be an int object (got NoneType)
2025-11-21 10:40:31,847 - ERROR - Exceçăo năo tratada
TypeError: WPARAM is simple, so must be an int object (got NoneType)
2025-11-21 10:40:36,887 - ERROR - Exceçăo năo tratada
TypeError: WPARAM is simple, so must be an int object (got NoneType)
2025-11-21 10:40:36,925 - ERROR - Exceçăo năo tratada
TypeError: WPARAM is simple, so must be an int object (got NoneType)
2025-11-21 10:40:36,933 - ERROR - Exceçăo năo tratada
TypeError: WPARAM is simple, so must be an int object (got NoneType)
2025-11-21 10:40:39,421 - ERROR - Some trouble with the icon (C:\Users\Salum\OneDrive\files\personal_projects\focus-timer\meu.ico): (2, 'LoadImage', 'O sistema năo pode encontrar o arquivo especificado.')
2025-11-21 10:40:39,551 - ERROR - Exceçăo năo tratada
TypeError: WPARAM is simple, so must be an int object (got NoneType)
2025-11-21 10:40:39,578 - ERROR - Exceçăo năo tratada
TypeError: WPARAM is simple, so must be an int object (got NoneType)
2025-11-21 10:40:44,580 - ERROR - Exceçăo năo tratada
TypeError: WPARAM is simple, so must be an int object (got NoneType)
2025-11-21 10:40:44,609 - ERROR - Exceçăo năo tratada
TypeError: WPARAM is simple, so must be an int object (got NoneType)
2025-11-21 10:40:44,612 - ERROR - Exceçăo năo tratada
TypeError: WPARAM is simple, so must be an int object (got NoneType)
2025-11-21 10:41:09,736 - DEBUG - Using WinForms / Chromium
2025-11-21 10:41:10,311 - DEBUG - Comon path for local URLs: c:\Users\Salum\OneDrive\files\personal_projects\focus-timer\frontend
2025-11-21 10:41:10,343 - DEBUG - HTTP server root path: c:\Users\Salum\OneDrive\files\personal_projects\focus-timer\frontend
2025-11-21 10:41:13,704 - DEBUG - before_load event fired. injecting pywebview object
2025-11-21 10:41:13,752 - DEBUG - Loading JS files from C:\Users\Salum\AppData\Local\Programs\Python\Python313\Lib\site-packages\webview\js
2025-11-21 10:41:14,335 - DEBUG - _pywebviewready event fired
2025-11-21 10:41:14,428 - DEBUG - loaded event fired
2025-11-21 10:41:22,012 - DEBUG - before_load event fired. injecting pywebview object
2025-11-21 10:41:22,246 - DEBUG - Loading JS files from C:\Users\Salum\AppData\Local\Programs\Python\Python313\Lib\site-packages\webview\js
2025-11-21 10:41:23,331 - DEBUG - _pywebviewready event fired
2025-11-21 10:41:23,487 - DEBUG - loaded event fired
2025-11-21 10:45:20,014 - ERROR - Some trouble with the icon (C:\Users\Salum\OneDrive\files\personal_projects\focus-timer\meu.ico): (2, 'LoadImage', 'O sistema năo pode encontrar o arquivo especificado.')
2025-11-21 10:45:20,135 - ERROR - Exceçăo năo tratada
TypeError: WPARAM is simple, so must be an int object (got NoneType)
2025-11-21 10:45:20,151 - ERROR - Exceçăo năo tratada
TypeError: WPARAM is simple, so must be an int object (got NoneType)
2025-11-21 10:45:25,199 - ERROR - Exceçăo năo tratada
TypeError: WPARAM is simple, so must be an int object (got NoneType)
2025-11-21 10:45:25,246 - ERROR - Exceçăo năo tratada
TypeError: WPARAM is simple, so must be an int object (got NoneType)
2025-11-21 10:45:25,373 - ERROR - Exceçăo năo tratada
TypeError: WPARAM is simple, so must be an int object (got NoneType)
2025-11-21 10:45:25,795 - ERROR - Some trouble with the icon (C:\Users\Salum\OneDrive\files\personal_projects\focus-timer\meu.ico): (2, 'LoadImage', 'O sistema năo pode encontrar o arquivo especificado.')
2025-11-21 10:45:25,949 - ERROR - Exceçăo năo tratada
TypeError: WPARAM is simple, so must be an int object (got NoneType)
2025-11-21 10:45:26,074 - ERROR - Exceçăo năo tratada
TypeError: WPARAM is simple, so must be an int object (got NoneType)
2025-11-21 10:45:30,925 - ERROR - Exceçăo năo tratada
TypeError: WPARAM is simple, so must be an int object (got NoneType)
2025-11-21 10:45:30,987 - ERROR - Exceçăo năo tratada
TypeError: WPARAM is simple, so must be an int object (got NoneType)
2025-11-21 10:45:31,065 - ERROR - Exceçăo năo tratada
TypeError: WPARAM is simple, so must be an int object (got NoneType)
2025-11-21 10:45:33,480 - ERROR - Some trouble with the icon (C:\Users\Salum\OneDrive\files\personal_projects\focus-timer\meu.ico): (2, 'LoadImage', 'O sistema năo pode encontrar o arquivo especificado.')
2025-11-21 10:45:33,607 - ERROR - Exceçăo năo tratada
TypeError: WPARAM is simple, so must be an int object (got NoneType)
2025-11-21 10:45:33,654 - ERROR - Exceçăo năo tratada
TypeError: WPARAM is simple, so must be an int object (got NoneType)
2025-11-21 10:45:38,613 - ERROR - Exceçăo năo tratada
TypeError: WPARAM is simple, so must be an int object (got NoneType)
2025-11-21 10:45:38,692 - ERROR - Exceçăo năo tratada
TypeError: WPARAM is simple, so must be an int object (got NoneType)
2025-11-21 10:45:38,723 - ERROR - Exceçăo năo tratada
TypeError: WPARAM is simple, so must be an int object (got NoneType)
2025-11-21 10:45:52,054 - ERROR - Some trouble with the icon (C:\Users\Salum\OneDrive\files\personal_projects\focus-timer\meu.ico): (2, 'LoadImage', 'O sistema năo pode encontrar o arquivo especificado.')
2025-11-21 10:45:52,151 - ERROR - Exceçăo năo tratada
TypeError: WPARAM is simple, so must be an int object (got NoneType)
2025-11-21 10:45:52,170 - ERROR - Exceçăo năo tratada
TypeError: WPARAM is simple, so must be an int object (got NoneType)
2025-11-21 10:45:57,196 - ERROR - Exceçăo năo tratada
TypeError: WPARAM is simple, so must be an int object (got NoneType)
2025-11-21 10:45:57,321 - ERROR - Exceçăo năo tratada
TypeError: WPARAM is simple, so must be an int object (got NoneType)
2025-11-21 10:45:57,382 - ERROR - Exceçăo năo tratada
TypeError: WPARAM is simple, so must be an int object (got NoneType)
2025-11-21 10:47:55,870 - ERROR - Some trouble with the icon (C:\Users\Salum\OneDrive\files\personal_projects\focus-timer\meu.ico): (2, 'LoadImage', 'O sistema năo pode encontrar o arquivo especificado.')
2025-11-21 10:47:55,934 - ERROR - Exceçăo năo tratada
TypeError: WPARAM is simple, so must be an int object (got NoneType)
2025-11-21 10:47:55,965 - ERROR - Exceçăo năo tratada
TypeError: WPARAM is simple, so must be an int object (got NoneType)
2025-11-21 10:48:00,941 - ERROR - Exceçăo năo tratada
TypeError: WPARAM is simple, so must be an int object (got NoneType)
2025-11-21 10:48:01,019 - ERROR - Exceçăo năo tratada
TypeError: WPARAM is simple, so must be an int object (got NoneType)
2025-11-21 10:48:01,039 - ERROR - Exceçăo năo tratada
TypeError: WPARAM is simple, so must be an int object (got NoneType)
2025-11-21 10:48:48,317 - ERROR - Some trouble with the icon (C:\Users\Salum\OneDrive\files\personal_projects\focus-timer\meu.ico): (2, 'LoadImage', 'O sistema năo pode encontrar o arquivo especificado.')
2025-11-21 10:48:48,392 - ERROR - Exceçăo năo tratada
TypeError: WPARAM is simple, so must be an int object (got NoneType)
2025-11-21 10:48:48,439 - ERROR - Exceçăo năo tratada
TypeError: WPARAM is simple, so must be an int object (got NoneType)
2025-11-21 10:48:53,447 - ERROR - Exceçăo năo tratada
TypeError: WPARAM is simple, so must be an int object (got NoneType)
2025-11-21 10:48:53,480 - ERROR - Exceçăo năo tratada
TypeError: WPARAM is simple, so must be an int object (got NoneType)
2025-11-21 10:48:53,557 - ERROR - Exceçăo năo tratada
TypeError: WPARAM is simple, so must be an int object (got NoneType)
2025-11-21 10:49:21,148 - ERROR - Some trouble with the icon (C:\Users\Salum\OneDrive\files\personal_projects\focus-timer\meu.ico): (2, 'LoadImage', 'O sistema năo pode encontrar o arquivo especificado.')
2025-11-21 10:49:21,321 - ERROR - Exceçăo năo tratada
TypeError: WPARAM is simple, so must be an int object (got NoneType)
2025-11-21 10:49:21,352 - ERROR - Exceçăo năo tratada
TypeError: WPARAM is simple, so must be an int object (got NoneType)
2025-11-21 10:49:48,751 - ERROR - Some trouble with the icon (C:\Users\Salum\OneDrive\files\personal_projects\focus-timer\meu.ico): (2, 'LoadImage', 'O sistema năo pode encontrar o arquivo especificado.')
2025-11-21 10:49:48,828 - ERROR - Exceçăo năo tratada
TypeError: WPARAM is simple, so must be an int object (got NoneType)
2025-11-21 10:49:48,876 - ERROR - Exceçăo năo tratada
TypeError: WPARAM is simple, so must be an int object (got NoneType)
2025-11-21 10:49:50,936 - ERROR - Exceçăo năo tratada
TypeError: WPARAM is simple, so must be an int object (got NoneType)
2025-11-21 10:49:51,046 - ERROR - Exceçăo năo tratada
TypeError: WPARAM is simple, so must be an int object (got NoneType)
2025-11-21 10:49:51,076 - ERROR - Exceçăo năo tratada
TypeError: WPARAM is simple, so must be an int object (got NoneType)
2025-11-21 10:50:03,566 - ERROR - Some trouble with the icon (C:\Users\Salum\OneDrive\files\personal_projects\focus-timer\meu.ico): (2, 'LoadImage', 'O sistema năo pode encontrar o arquivo especificado.')
2025-11-21 10:50:03,625 - ERROR - Exceçăo năo tratada
TypeError: WPARAM is simple, so must be an int object (got NoneType)
2025-11-21 10:50:03,626 - ERROR - Exceçăo năo tratada
TypeError: WPARAM is simple, so must be an int object (got NoneType)
2025-11-21 10:50:05,689 - ERROR - Exceçăo năo tratada
TypeError: WPARAM is simple, so must be an int object (got NoneType)
2025-11-21 10:50:05,769 - ERROR - Exceçăo năo tratada
TypeError: WPARAM is simple, so must be an int object (got NoneType)
2025-11-21 10:50:05,831 - ERROR - Exceçăo năo tratada
TypeError: WPARAM is simple, so must be an int object (got NoneType)
2025-11-21 10:50:50,376 - ERROR - Some trouble with the icon (C:\Users\Salum\OneDrive\files\personal_projects\focus-timer\meu.ico): (2, 'LoadImage', 'O sistema năo pode encontrar o arquivo especificado.')
2025-11-21 10:50:50,485 - ERROR - Exceçăo năo tratada
TypeError: WPARAM is simple, so must be an int object (got NoneType)
2025-11-21 10:50:50,563 - ERROR - Exceçăo năo tratada
TypeError: WPARAM is simple, so must be an int object (got NoneType)
2025-11-21 10:50:52,457 - ERROR - Exceçăo năo tratada
TypeError: WPARAM is simple, so must be an int object (got NoneType)
2025-11-21 10:50:52,535 - ERROR - Exceçăo năo tratada
TypeError: WPARAM is simple, so must be an int object (got NoneType)
2025-11-21 10:50:52,566 - ERROR - Exceçăo năo tratada
TypeError: WPARAM is simple, so must be an int object (got NoneType)
2025-11-21 10:51:10,240 - ERROR - Some trouble with the icon (C:\Users\Salum\OneDrive\files\personal_projects\focus-timer\meu.ico): (2, 'LoadImage', 'O sistema năo pode encontrar o arquivo especificado.')
2025-11-21 10:51:10,347 - ERROR - Exceçăo năo tratada
TypeError: WPARAM is simple, so must be an int object (got NoneType)
2025-11-21 10:51:10,394 - ERROR - Exceçăo năo tratada
TypeError: WPARAM is simple, so must be an int object (got NoneType)
2025-11-21 10:51:12,302 - ERROR - Exceçăo năo tratada
TypeError: WPARAM is simple, so must be an int object (got NoneType)
2025-11-21 10:51:12,379 - ERROR - Exceçăo năo tratada
TypeError: WPARAM is simple, so must be an int object (got NoneType)
2025-11-21 10:51:12,411 - ERROR - Exceçăo năo tratada
TypeError: WPARAM is simple, so must be an int object (got NoneType)
2025-11-21 10:53:02,265 - ERROR - Some trouble with the icon (C:\Users\Salum\OneDrive\files\personal_projects\focus-timer\meu.ico): (2, 'LoadImage', 'O sistema năo pode encontrar o arquivo especificado.')
2025-11-21 10:53:02,436 - ERROR - Exceçăo năo tratada
TypeError: WPARAM is simple, so must be an int object (got NoneType)
2025-11-21 10:53:02,450 - ERROR - Exceçăo năo tratada
TypeError: WPARAM is simple, so must be an int object (got NoneType)
2025-11-21 10:53:04,415 - ERROR - Exceçăo năo tratada
TypeError: WPARAM is simple, so must be an int object (got NoneType)
2025-11-21 10:53:04,493 - ERROR - Exceçăo năo tratada
TypeError: WPARAM is simple, so must be an int object (got NoneType)
2025-11-21 10:53:04,524 - ERROR - Exceçăo năo tratada
TypeError: WPARAM is simple, so must be an int object (got NoneType)
2025-11-21 10:53:06,602 - ERROR - Some trouble with the icon (C:\Users\Salum\OneDrive\files\personal_projects\focus-timer\meu.ico): (2, 'LoadImage', 'O sistema năo pode encontrar o arquivo especificado.')
2025-11-21 10:53:06,678 - ERROR - Exceçăo năo tratada
TypeError: WPARAM is simple, so must be an int object (got NoneType)
2025-11-21 10:53:06,710 - ERROR - Exceçăo năo tratada
TypeError: WPARAM is simple, so must be an int object (got NoneType)
2025-11-21 10:53:08,741 - ERROR - Exceçăo năo tratada
TypeError: WPARAM is simple, so must be an int object (got NoneType)
2025-11-21 10:53:08,774 - ERROR - Exceçăo năo tratada
TypeError: WPARAM is simple, so must be an int object (got NoneType)
2025-11-21 10:53:08,804 - ERROR - Exceçăo năo tratada
TypeError: WPARAM is simple, so must be an int object (got NoneType)
2025-11-21 10:53:34,081 - ERROR - Some trouble with the icon (C:\Users\Salum\OneDrive\files\personal_projects\focus-timer\meu.ico): (2, 'LoadImage', 'O sistema năo pode encontrar o arquivo especificado.')
2025-11-21 10:53:34,221 - ERROR - Exceçăo năo tratada
TypeError: WPARAM is simple, so must be an int object (got NoneType)
2025-11-21 10:53:34,301 - ERROR - Exceçăo năo tratada
TypeError: WPARAM is simple, so must be an int object (got NoneType)
2025-11-21 10:53:36,237 - ERROR - Exceçăo năo tratada
TypeError: WPARAM is simple, so must be an int object (got NoneType)
2025-11-21 10:53:36,254 - ERROR - Exceçăo năo tratada
TypeError: WPARAM is simple, so must be an int object (got NoneType)
2025-11-21 10:53:36,314 - ERROR - Exceçăo năo tratada
TypeError: WPARAM is simple, so must be an int object (got NoneType)
2025-11-21 10:53:38,749 - ERROR - Some trouble with the icon (C:\Users\Salum\OneDrive\files\personal_projects\focus-timer\meu.ico): (2, 'LoadImage', 'O sistema năo pode encontrar o arquivo especificado.')
2025-11-21 10:53:38,848 - ERROR - Exceçăo năo tratada
TypeError: WPARAM is simple, so must be an int object (got NoneType)
2025-11-21 10:53:38,876 - ERROR - Exceçăo năo tratada
TypeError: WPARAM is simple, so must be an int object (got NoneType)
2025-11-21 10:53:40,884 - ERROR - Exceçăo năo tratada
TypeError: WPARAM is simple, so must be an int object (got NoneType)
2025-11-21 10:53:40,944 - ERROR - Exceçăo năo tratada
TypeError: WPARAM is simple, so must be an int object (got NoneType)
2025-11-21 10:53:40,960 - ERROR - Exceçăo năo tratada
TypeError: WPARAM is simple, so must be an int object (got NoneType)
2025-11-21 10:53:47,324 - ERROR - Some trouble with the icon (C:\Users\Salum\OneDrive\files\personal_projects\focus-timer\meu.ico): (2, 'LoadImage', 'O sistema năo pode encontrar o arquivo especificado.')
2025-11-21 10:53:47,410 - ERROR - Exceçăo năo tratada
TypeError: WPARAM is simple, so must be an int object (got NoneType)
2025-11-21 10:53:47,471 - ERROR - Exceçăo năo tratada
TypeError: WPARAM is simple, so must be an int object (got NoneType)
2025-11-21 10:53:49,484 - ERROR - Exceçăo năo tratada
TypeError: WPARAM is simple, so must be an int object (got NoneType)
2025-11-21 10:53:49,564 - ERROR - Exceçăo năo tratada
TypeError: WPARAM is simple, so must be an int object (got NoneType)
2025-11-21 10:53:49,636 - ERROR - Exceçăo năo tratada
TypeError: WPARAM is simple, so must be an int object (got NoneType)
2025-11-21 10:53:53,450 - ERROR - Some trouble with the icon (C:\Users\Salum\OneDrive\files\personal_projects\focus-timer\meu.ico): (2, 'LoadImage', 'O sistema năo pode encontrar o arquivo especificado.')
2025-11-21 10:53:53,569 - ERROR - Exceçăo năo tratada
TypeError: WPARAM is simple, so must be an int object (got NoneType)
2025-11-21 10:53:53,646 - ERROR - Exceçăo năo tratada
TypeError: WPARAM is simple, so must be an int object (got NoneType)
2025-11-21 10:53:55,509 - ERROR - Exceçăo năo tratada
TypeError: WPARAM is simple, so must be an int object (got NoneType)
2025-11-21 10:53:55,646 - ERROR - Exceçăo năo tratada
TypeError: WPARAM is simple, so must be an int object (got NoneType)
2025-11-21 10:53:55,685 - ERROR - Exceçăo năo tratada
TypeError: WPARAM is simple, so must be an int object (got NoneType)
2025-11-21 10:55:33,971 - ERROR - Some trouble with the icon (C:\Users\Salum\OneDrive\files\personal_projects\focus-timer\meu.ico): (2, 'LoadImage', 'O sistema năo pode encontrar o arquivo especificado.')
2025-11-21 10:55:34,050 - ERROR - Exceçăo năo tratada
TypeError: WPARAM is simple, so must be an int object (got NoneType)
2025-11-21 10:55:34,068 - ERROR - Exceçăo năo tratada
TypeError: WPARAM is simple, so must be an int object (got NoneType)
2025-11-21 10:55:36,081 - ERROR - Exceçăo năo tratada
TypeError: WPARAM is simple, so must be an int object (got NoneType)
2025-11-21 10:55:36,140 - ERROR - Exceçăo năo tratada
TypeError: WPARAM is simple, so must be an int object (got NoneType)
2025-11-21 10:55:36,187 - ERROR - Exceçăo năo tratada
TypeError: WPARAM is simple, so must be an int object (got NoneType)
2025-11-21 10:55:41,765 - ERROR - Some trouble with the icon (C:\Users\Salum\OneDrive\files\personal_projects\focus-timer\meu.ico): (2, 'LoadImage', 'O sistema năo pode encontrar o arquivo especificado.')
2025-11-21 10:55:41,921 - ERROR - Exceçăo năo tratada
TypeError: WPARAM is simple, so must be an int object (got NoneType)
2025-11-21 10:55:42,092 - ERROR - Exceçăo năo tratada
TypeError: WPARAM is simple, so must be an int object (got NoneType)
2025-11-21 10:55:43,936 - ERROR - Exceçăo năo tratada
TypeError: WPARAM is simple, so must be an int object (got NoneType)
2025-11-21 10:55:44,014 - ERROR - Exceçăo năo tratada
TypeError: WPARAM is simple, so must be an int object (got NoneType)
2025-11-21 10:55:44,077 - ERROR - Exceçăo năo tratada
TypeError: WPARAM is simple, so must be an int object (got NoneType)
2025-11-21 12:21:27,559 - ERROR - Some trouble with the icon (C:\Users\Salum\OneDrive\files\personal_projects\focus-timer\meu.ico): (2, 'LoadImage', 'O sistema năo pode encontrar o arquivo especificado.')
2025-11-21 12:21:27,656 - ERROR - Exceçăo năo tratada
TypeError: WPARAM is simple, so must be an int object (got NoneType)
2025-11-21 12:21:27,692 - ERROR - Exceçăo năo tratada
TypeError: WPARAM is simple, so must be an int object (got NoneType)
2025-11-21 12:21:29,676 - ERROR - Exceçăo năo tratada
TypeError: WPARAM is simple, so must be an int object (got NoneType)
2025-11-21 12:21:29,735 - ERROR - Exceçăo năo tratada
TypeError: WPARAM is simple, so must be an int object (got NoneType)
2025-11-21 12:21:29,782 - ERROR - Exceçăo năo tratada
TypeError: WPARAM is simple, so must be an int object (got NoneType)
2025-11-21 12:21:40,874 - ERROR - Some trouble with the icon (C:\Users\Salum\OneDrive\files\personal_projects\focus-timer\meu.ico): (2, 'LoadImage', 'O sistema năo pode encontrar o arquivo especificado.')
2025-11-21 12:21:40,981 - ERROR - Exceçăo năo tratada
TypeError: WPARAM is simple, so must be an int object (got NoneType)
2025-11-21 12:21:40,985 - ERROR - Exceçăo năo tratada
TypeError: WPARAM is simple, so must be an int object (got NoneType)
2025-11-21 12:21:43,049 - ERROR - Exceçăo năo tratada
TypeError: WPARAM is simple, so must be an int object (got NoneType)
2025-11-21 12:21:43,111 - ERROR - Exceçăo năo tratada
TypeError: WPARAM is simple, so must be an int object (got NoneType)
2025-11-21 12:21:43,157 - ERROR - Exceçăo năo tratada
TypeError: WPARAM is simple, so must be an int object (got NoneType)
2025-11-21 12:22:35,299 - ERROR - Some trouble with the icon (C:\Users\Salum\OneDrive\files\personal_projects\focus-timer\meu.ico): (2, 'LoadImage', 'O sistema năo pode encontrar o arquivo especificado.')
2025-11-21 12:22:35,428 - ERROR - Exceçăo năo tratada
TypeError: WPARAM is simple, so must be an int object (got NoneType)
2025-11-21 12:22:35,450 - ERROR - Exceçăo năo tratada
TypeError: WPARAM is simple, so must be an int object (got NoneType)
2025-11-21 12:22:37,472 - ERROR - Exceçăo năo tratada
TypeError: WPARAM is simple, so must be an int object (got NoneType)
2025-11-21 12:22:37,538 - ERROR - Exceçăo năo tratada
TypeError: WPARAM is simple, so must be an int object (got NoneType)
2025-11-21 12:22:37,581 - ERROR - Exceçăo năo tratada
TypeError: WPARAM is simple, so must be an int object (got NoneType)
2025-11-21 12:23:12,359 - ERROR - Some trouble with the icon (C:\Users\Salum\OneDrive\files\personal_projects\focus-timer\meu.ico): (2, 'LoadImage', 'O sistema năo pode encontrar o arquivo especificado.')
2025-11-21 12:23:12,468 - ERROR - Exceçăo năo tratada
TypeError: WPARAM is simple, so must be an int object (got NoneType)
2025-11-21 12:23:12,517 - ERROR - Exceçăo năo tratada
TypeError: WPARAM is simple, so must be an int object (got NoneType)
2025-11-21 12:23:14,510 - ERROR - Exceçăo năo tratada
TypeError: WPARAM is simple, so must be an int object (got NoneType)
2025-11-21 12:23:14,620 - ERROR - Exceçăo năo tratada
TypeError: WPARAM is simple, so must be an int object (got NoneType)
2025-11-21 12:23:14,657 - ERROR - Exceçăo năo tratada
TypeError: WPARAM is simple, so must be an int object (got NoneType)
2025-11-21 12:24:16,655 - ERROR - Exceçăo năo tratada
TypeError: WPARAM is simple, so must be an int object (got NoneType)
2025-11-21 12:24:16,903 - ERROR - Exceçăo năo tratada
TypeError: WPARAM is simple, so must be an int object (got NoneType)
2025-11-21 12:24:18,802 - ERROR - Exceçăo năo tratada
TypeError: WPARAM is simple, so must be an int object (got NoneType)
2025-11-21 12:24:18,911 - ERROR - Exceçăo năo tratada
TypeError: WPARAM is simple, so must be an int object (got NoneType)
2025-11-21 12:24:18,929 - ERROR - Exceçăo năo tratada
TypeError: WPARAM is simple, so must be an int object (got NoneType)
2025-11-21 12:24:30,505 - ERROR - Exceçăo năo tratada
TypeError: WPARAM is simple, so must be an int object (got NoneType)
2025-11-21 12:24:30,550 - ERROR - Exceçăo năo tratada
TypeError: WPARAM is simple, so must be an int object (got NoneType)
2025-11-21 12:24:32,630 - ERROR - Exceçăo năo tratada
TypeError: WPARAM is simple, so must be an int object (got NoneType)
2025-11-21 12:24:32,707 - ERROR - Exceçăo năo tratada
TypeError: WPARAM is simple, so must be an int object (got NoneType)
2025-11-21 12:24:32,737 - ERROR - Exceçăo năo tratada
TypeError: WPARAM is simple, so must be an int object (got NoneType)
2025-11-21 12:25:23,124 - ERROR - Some trouble with the icon (C:\Users\Salum\OneDrive\files\personal_projects\focus-timer\data\stopwatch.png): (0, 'LoadImage', 'No error message is available')
2025-11-21 12:25:23,214 - ERROR - Exceçăo năo tratada
TypeError: WPARAM is simple, so must be an int object (got NoneType)
2025-11-21 12:25:23,261 - ERROR - Exceçăo năo tratada
TypeError: WPARAM is simple, so must be an int object (got NoneType)
2025-11-21 12:25:25,225 - ERROR - Exceçăo năo tratada
TypeError: WPARAM is simple, so must be an int object (got NoneType)
2025-11-21 12:25:25,254 - ERROR - Exceçăo năo tratada
TypeError: WPARAM is simple, so must be an int object (got NoneType)
2025-11-21 12:25:25,300 - ERROR - Exceçăo năo tratada
TypeError: WPARAM is simple, so must be an int object (got NoneType)
2025-11-21 12:25:30,890 - ERROR - Some trouble with the icon (C:\Users\Salum\OneDrive\files\personal_projects\focus-timer\data\stopwatch.png): (0, 'LoadImage', 'No error message is available')
2025-11-21 12:25:31,046 - ERROR - Exceçăo năo tratada
TypeError: WPARAM is simple, so must be an int object (got NoneType)
2025-11-21 12:25:31,107 - ERROR - Exceçăo năo tratada
TypeError: WPARAM is simple, so must be an int object (got NoneType)
2025-11-21 14:16:37,892 - ERROR - Exceçăo năo tratada
TypeError: WPARAM is simple, so must be an int object (got NoneType)
2025-11-21 14:16:37,971 - ERROR - Exceçăo năo tratada
TypeError: WPARAM is simple, so must be an int object (got NoneType)
2025-11-21 14:16:39,906 - ERROR - Exceçăo năo tratada
TypeError: WPARAM is simple, so must be an int object (got NoneType)
2025-11-21 14:16:39,984 - ERROR - Exceçăo năo tratada
TypeError: WPARAM is simple, so must be an int object (got NoneType)
2025-11-21 14:16:40,029 - ERROR - Exceçăo năo tratada
TypeError: WPARAM is simple, so must be an int object (got NoneType)
2025-11-21 14:16:50,908 - ERROR - Exceçăo năo tratada
TypeError: WPARAM is simple, so must be an int object (got NoneType)
2025-11-21 14:16:50,910 - ERROR - Exceçăo năo tratada
TypeError: WPARAM is simple, so must be an int object (got NoneType)
2025-11-21 14:16:52,996 - ERROR - Exceçăo năo tratada
TypeError: WPARAM is simple, so must be an int object (got NoneType)
2025-11-21 14:16:53,090 - ERROR - Exceçăo năo tratada
TypeError: WPARAM is simple, so must be an int object (got NoneType)
2025-11-21 14:16:53,123 - ERROR - Exceçăo năo tratada
TypeError: WPARAM is simple, so must be an int object (got NoneType)
2025-11-21 14:16:57,000 - ERROR - Exceçăo năo tratada
TypeError: WPARAM is simple, so must be an int object (got NoneType)
2025-11-21 14:16:57,062 - ERROR - Exceçăo năo tratada
TypeError: WPARAM is simple, so must be an int object (got NoneType)
2025-11-21 14:16:59,023 - ERROR - Exceçăo năo tratada
TypeError: WPARAM is simple, so must be an int object (got NoneType)
2025-11-21 14:16:59,087 - ERROR - Exceçăo năo tratada
TypeError: WPARAM is simple, so must be an int object (got NoneType)
2025-11-21 14:16:59,134 - ERROR - Exceçăo năo tratada
TypeError: WPARAM is simple, so must be an int object (got NoneType)
2025-11-21 14:18:28,874 - ERROR - Exceçăo năo tratada
TypeError: WPARAM is simple, so must be an int object (got NoneType)
2025-11-21 14:18:29,018 - ERROR - Exceçăo năo tratada
TypeError: WPARAM is simple, so must be an int object (got NoneType)
2025-11-21 14:18:30,885 - ERROR - Exceçăo năo tratada
TypeError: WPARAM is simple, so must be an int object (got NoneType)
2025-11-21 14:18:30,947 - ERROR - Exceçăo năo tratada
TypeError: WPARAM is simple, so must be an int object (got NoneType)
2025-11-21 14:18:31,008 - ERROR - Exceçăo năo tratada
TypeError: WPARAM is simple, so must be an int object (got NoneType)
2025-11-21 14:18:43,448 - ERROR - Exceçăo năo tratada
TypeError: WPARAM is simple, so must be an int object (got NoneType)
2025-11-21 14:18:43,476 - ERROR - Exceçăo năo tratada
TypeError: WPARAM is simple, so must be an int object (got NoneType)
2025-11-21 14:18:45,514 - ERROR - Exceçăo năo tratada
TypeError: WPARAM is simple, so must be an int object (got NoneType)
2025-11-21 14:18:45,561 - ERROR - Exceçăo năo tratada
TypeError: WPARAM is simple, so must be an int object (got NoneType)
2025-11-21 14:18:45,578 - ERROR - Exceçăo năo tratada
TypeError: WPARAM is simple, so must be an int object (got NoneType)
2025-11-21 14:19:14,359 - ERROR - Exceçăo năo tratada
TypeError: WPARAM is simple, so must be an int object (got NoneType)
2025-11-21 14:19:14,513 - ERROR - Exceçăo năo tratada
TypeError: WPARAM is simple, so must be an int object (got NoneType)
2025-11-21 14:19:16,372 - ERROR - Exceçăo năo tratada
TypeError: WPARAM is simple, so must be an int object (got NoneType)
2025-11-21 14:19:16,430 - ERROR - Exceçăo năo tratada
TypeError: WPARAM is simple, so must be an int object (got NoneType)
2025-11-21 14:19:16,496 - ERROR - Exceçăo năo tratada
TypeError: WPARAM is simple, so must be an int object (got NoneType)
2025-11-21 14:19:51,891 - ERROR - Exceçăo năo tratada
TypeError: WPARAM is simple, so must be an int object (got NoneType)
2025-11-21 14:19:51,984 - ERROR - Exceçăo năo tratada
TypeError: WPARAM is simple, so must be an int object (got NoneType)
2025-11-21 14:19:53,958 - ERROR - Exceçăo năo tratada
TypeError: WPARAM is simple, so must be an int object (got NoneType)
2025-11-21 14:19:54,034 - ERROR - Exceçăo năo tratada
TypeError: WPARAM is simple, so must be an int object (got NoneType)
2025-11-21 14:19:54,159 - ERROR - Exceçăo năo tratada
TypeError: WPARAM is simple, so must be an int object (got NoneType)
2025-11-21 14:20:03,541 - ERROR - Exceçăo năo tratada
TypeError: WPARAM is simple, so must be an int object (got NoneType)
2025-11-21 14:20:03,635 - ERROR - Exceçăo năo tratada
TypeError: WPARAM is simple, so must be an int object (got NoneType)
2025-11-21 14:20:05,427 - ERROR - Exceçăo năo tratada
TypeError: WPARAM is simple, so must be an int object (got NoneType)
2025-11-21 14:20:05,505 - ERROR - Exceçăo năo tratada
TypeError: WPARAM is simple, so must be an int object (got NoneType)
2025-11-21 14:20:05,552 - ERROR - Exceçăo năo tratada
TypeError: WPARAM is simple, so must be an int object (got NoneType)
2025-11-21 14:20:15,350 - ERROR - Exceçăo năo tratada
TypeError: WPARAM is simple, so must be an int object (got NoneType)
2025-11-21 14:20:15,394 - ERROR - Exceçăo năo tratada
TypeError: WPARAM is simple, so must be an int object (got NoneType)
2025-11-21 14:20:17,476 - ERROR - Exceçăo năo tratada
TypeError: WPARAM is simple, so must be an int object (got NoneType)
2025-11-21 14:20:17,535 - ERROR - Exceçăo năo tratada
TypeError: WPARAM is simple, so must be an int object (got NoneType)
2025-11-21 14:20:17,646 - ERROR - Exceçăo năo tratada
TypeError: WPARAM is simple, so must be an int object (got NoneType)
2025-11-21 14:20:19,736 - ERROR - Exceçăo năo tratada
TypeError: WPARAM is simple, so must be an int object (got NoneType)
2025-11-21 14:20:19,780 - ERROR - Exceçăo năo tratada
TypeError: WPARAM is simple, so must be an int object (got NoneType)
2025-11-21 14:20:21,852 - ERROR - Exceçăo năo tratada
TypeError: WPARAM is simple, so must be an int object (got NoneType)
2025-11-21 14:20:21,913 - ERROR - Exceçăo năo tratada
TypeError: WPARAM is simple, so must be an int object (got NoneType)
2025-11-21 14:20:21,945 - ERROR - Exceçăo năo tratada
TypeError: WPARAM is simple, so must be an int object (got NoneType)
2025-11-21 14:20:22,874 - ERROR - Exceçăo năo tratada
TypeError: WPARAM is simple, so must be an int object (got NoneType)
2025-11-21 14:20:22,891 - ERROR - Exceçăo năo tratada
TypeError: WPARAM is simple, so must be an int object (got NoneType)
2025-11-21 14:20:24,903 - ERROR - Exceçăo năo tratada
TypeError: WPARAM is simple, so must be an int object (got NoneType)
2025-11-21 14:20:24,980 - ERROR - Exceçăo năo tratada
TypeError: WPARAM is simple, so must be an int object (got NoneType)
2025-11-21 14:20:25,011 - ERROR - Exceçăo năo tratada
TypeError: WPARAM is simple, so must be an int object (got NoneType)
2025-11-21 14:20:54,417 - ERROR - Exceçăo năo tratada
TypeError: WPARAM is simple, so must be an int object (got NoneType)
2025-11-21 14:20:54,435 - ERROR - Exceçăo năo tratada
TypeError: WPARAM is simple, so must be an int object (got NoneType)
2025-11-21 14:20:56,318 - ERROR - Exceçăo năo tratada
TypeError: WPARAM is simple, so must be an int object (got NoneType)
2025-11-21 14:20:56,365 - ERROR - Exceçăo năo tratada
TypeError: WPARAM is simple, so must be an int object (got NoneType)
2025-11-21 14:20:56,428 - ERROR - Exceçăo năo tratada
TypeError: WPARAM is simple, so must be an int object (got NoneType)
2025-11-21 14:20:57,168 - ERROR - Error occurred in script
Traceback (most recent call last):
  File "C:\Users\Salum\AppData\Local\Programs\Python\Python313\Lib\site-packages\webview\platforms\edgechromium.py", line 146, in evaluate_js
    self.webview.Invoke(
    ~~~~~~~~~~~~~~~~~~~^
        Func[Object](
        ^^^^^^^^^^^^^
    ...<4 lines>...
        )
        ^
    )
    ^
System.ObjectDisposedException: Năo é possível acessar um objeto descartado.
Nome do objeto: 'WebView2'.
   em System.Windows.Forms.Control.MarshaledInvoke(Control caller, Delegate method, Object[] args, Boolean synchronous)
   em System.Windows.Forms.Control.Invoke(Delegate method, Object[] args)
2025-11-21 14:58:11,910 - ERROR - Error occurred in script
Traceback (most recent call last):
  File "C:\Users\Salum\AppData\Local\Programs\Python\Python313\Lib\site-packages\webview\platforms\edgechromium.py", line 146, in evaluate_js
    self.webview.Invoke(
    ~~~~~~~~~~~~~~~~~~~^
        Func[Object](
        ^^^^^^^^^^^^^
    ...<4 lines>...
        )
        ^
    )
    ^
System.ObjectDisposedException: Năo é possível acessar um objeto descartado.
Nome do objeto: 'WebView2'.
   em System.Windows.Forms.Control.MarshaledInvoke(Control caller, Delegate method, Object[] args, Boolean synchronous)
   em System.Windows.Forms.Control.Invoke(Delegate method, Object[] args)
2025-11-21 15:08:01,162 - ERROR - Error occurred in script
Traceback (most recent call last):
  File "C:\Users\Salum\AppData\Local\Programs\Python\Python313\Lib\site-packages\webview\platforms\edgechromium.py", line 146, in evaluate_js
    self.webview.Invoke(
    ~~~~~~~~~~~~~~~~~~~^
        Func[Object](
        ^^^^^^^^^^^^^
    ...<4 lines>...
        )
        ^
    )
    ^
System.ObjectDisposedException: Năo é possível acessar um objeto descartado.
Nome do objeto: 'WebView2'.
   em System.Windows.Forms.Control.MarshaledInvoke(Control caller, Delegate method, Object[] args, Boolean synchronous)
   em System.Windows.Forms.Control.Invoke(Delegate method, Object[] args)
2025-11-22 12:36:23,734 - ERROR - Traceback (most recent call last):
  File "C:\Users\Salum\AppData\Local\Programs\Python\Python313\Lib\site-packages\webview\util.py", line 254, in _call
    result = func(*func_params)
  File "c:\Users\Salum\OneDrive\files\personal_projects\focus-timer\core\api.py", line 30, in export_report
    self.stopwatch.export_report()
    ^^^^^^^^^^^^^^^^^^^^^^^^^^^^
AttributeError: 'Stopwatch' object has no attribute 'export_report'

2025-11-22 12:47:26,053 - ERROR - Traceback (most recent call last):
  File "C:\Users\Salum\AppData\Local\Programs\Python\Python313\Lib\site-packages\webview\util.py", line 254, in _call
    result = func(*func_params)
  File "c:\Users\Salum\OneDrive\files\personal_projects\focus-timer\core\api.py", line 30, in export_report
    self.controller.export_report()
    ^^^^^^^^^^^^^^^
AttributeError: 'API' object has no attribute 'controller'

2025-11-24 13:49:01,082 - ERROR - Error occurred in script
Traceback (most recent call last):
  File "C:\Users\Salum\AppData\Local\Programs\Python\Python313\Lib\site-packages\webview\platforms\edgechromium.py", line 146, in evaluate_js
    self.webview.Invoke(
    ~~~~~~~~~~~~~~~~~~~^
        Func[Object](
        ^^^^^^^^^^^^^
    ...<4 lines>...
        )
        ^
    )
    ^
System.ObjectDisposedException: Năo é possível acessar um objeto descartado.
Nome do objeto: 'WebView2'.
   em System.Windows.Forms.Control.MarshaledInvoke(Control caller, Delegate method, Object[] args, Boolean synchronous)
   em System.Windows.Forms.Control.Invoke(Delegate method, Object[] args)
2025-11-24 14:17:30,964 - ERROR - Traceback (most recent call last):
  File "C:\Users\Salum\AppData\Local\Programs\Python\Python313\Lib\site-packages\webview\util.py", line 254, in _call
    result = func(*func_params)
  File "c:\Users\Salum\OneDrive\files\personal_projects\focus-timer\core\api.py", line 31, in calculate_final_time
    self.controller.calculate_final_time()
    ~~~~~~~~~~~~~~~~~~~~~~~~~~~~~~~~~~~~^^
  File "c:\Users\Salum\OneDrive\files\personal_projects\focus-timer\core\controller.py", line 21, in calculate_final_time
    self.result = timedelta(raw_time) - timedelta(idle_limit * idle_pause_count)
                  ~~~~~~~~~^^^^^^^^^^
TypeError: unsupported type for timedelta days component: datetime.timedelta

2025-11-24 15:15:25,617 - ERROR - Traceback (most recent call last):
  File "C:\Users\Salum\AppData\Local\Programs\Python\Python313\Lib\site-packages\webview\util.py", line 254, in _call
    result = func(*func_params)
  File "c:\Users\Salum\OneDrive\files\personal_projects\focus-timer\core\api.py", line 34, in export_report
    self.controller.export_report()
    ~~~~~~~~~~~~~~~~~~~~~~~~~~~~~^^
  File "c:\Users\Salum\OneDrive\files\personal_projects\focus-timer\core\controller.py", line 43, in export_report
    export_json(report, DATA_PATH, "report.json")
    ~~~~~~~~~~~^^^^^^^^^^^^^^^^^^^^^^^^^^^^^^^^^^
  File "c:\Users\Salum\OneDrive\files\personal_projects\focus-timer\utils\functions.py", line 8, in export_json
    json.dump(content, file, indent=4, ensure_ascii=False)
    ~~~~~~~~~^^^^^^^^^^^^^^^^^^^^^^^^^^^^^^^^^^^^^^^^^^^^^
  File "C:\Users\Salum\AppData\Local\Programs\Python\Python313\Lib\json\__init__.py", line 179, in dump
    for chunk in iterable:
                 ^^^^^^^^
  File "C:\Users\Salum\AppData\Local\Programs\Python\Python313\Lib\json\encoder.py", line 430, in _iterencode
    yield from _iterencode_list(o, _current_indent_level)
  File "C:\Users\Salum\AppData\Local\Programs\Python\Python313\Lib\json\encoder.py", line 326, in _iterencode_list
    yield from chunks
  File "C:\Users\Salum\AppData\Local\Programs\Python\Python313\Lib\json\encoder.py", line 406, in _iterencode_dict
    yield from chunks
  File "C:\Users\Salum\AppData\Local\Programs\Python\Python313\Lib\json\encoder.py", line 439, in _iterencode
    o = _default(o)
  File "C:\Users\Salum\AppData\Local\Programs\Python\Python313\Lib\json\encoder.py", line 180, in default
    raise TypeError(f'Object of type {o.__class__.__name__} '
                    f'is not JSON serializable')
TypeError: Object of type timedelta is not JSON serializable

